<?xml version="1.0" encoding="utf-8"?>
<test-run id="2" name="Generics.Table.exe" fullname="C:/MyRepo/Generics.Tables/Generics.Tables.csproj/bin/Debug/Generics.Table.exe" testcasecount="13" result="Passed" start-time="2018-02-21 15:07:28Z" end-time="2018-02-21 15:07:28Z" duration="0.115958" total="13" passed="13" failed="0" inconclusive="0" skipped="0" asserts="23" random-seed="1340964127">
  <command-line><![CDATA["C:\MyRepo\Generics.Tables\Generics.Tables.csproj\bin\Debug\Generics.Table.exe"   ]]></command-line>
  <filter />
  <test-suite type="Assembly" id="1016" name="Generics.Table.exe" fullname="C:/MyRepo/Generics.Tables/Generics.Tables.csproj/bin/Debug/Generics.Table.exe" runstate="Runnable" testcasecount="13" result="Passed" start-time="2018-02-21 15:07:28Z" end-time="2018-02-21 15:07:28Z" duration="0.115958" total="13" passed="13" failed="0" warnings="0" inconclusive="0" skipped="0" asserts="23">
    <environment framework-version="3.6.0.0" clr-version="4.0.30319.42000" os-version="Microsoft Windows NT 6.2.9200.0" platform="Win32NT" cwd="C:\MyRepo\Generics.Tables\Generics.Tables.csproj\bin\Debug" machine-name="MSK-WS-120" user="aaltukhov" user-domain="INT" culture="ru-RU" uiculture="en-US" os-architecture="x86" />
    <settings>
      <setting name="WorkDirectory" value="C:\MyRepo\Generics.Tables\Generics.Tables.csproj\bin\Debug" />
      <setting name="NumberOfTestWorkers" value="4" />
    </settings>
    <properties>
      <property name="_PID" value="6848" />
      <property name="_APPDOMAIN" value="Generics.Table.exe" />
    </properties>
    <test-suite type="TestSuite" id="1017" name="Generics" fullname="Generics" runstate="Runnable" testcasecount="13" result="Passed" start-time="2018-02-21 15:07:28Z" end-time="2018-02-21 15:07:28Z" duration="0.103059" total="13" passed="13" failed="0" warnings="0" inconclusive="0" skipped="0" asserts="23">
      <test-suite type="TestSuite" id="1018" name="Tables" fullname="Generics.Tables" runstate="Runnable" testcasecount="13" result="Passed" start-time="2018-02-21 15:07:28Z" end-time="2018-02-21 15:07:28Z" duration="0.099069" total="13" passed="13" failed="0" warnings="0" inconclusive="0" skipped="0" asserts="23">
        <test-suite type="TestFixture" id="1013" name="BothIndices_should" fullname="Generics.Tables.BothIndices_should" classname="Generics.Tables.BothIndices_should" runstate="Runnable" testcasecount="2" result="Passed" start-time="2018-02-21 15:07:28Z" end-time="2018-02-21 15:07:28Z" duration="0.032863" total="2" passed="2" failed="0" warnings="0" inconclusive="0" skipped="0" asserts="2">
          <test-case id="1014" name="WorkTogether1" fullname="Generics.Tables.BothIndices_should.WorkTogether1" methodname="WorkTogether1" classname="Generics.Tables.BothIndices_should" runstate="Runnable" seed="916260450" result="Passed" start-time="2018-02-21 15:07:28Z" end-time="2018-02-21 15:07:28Z" duration="0.017796" asserts="1" />
          <test-case id="1015" name="WorkTogether2" fullname="Generics.Tables.BothIndices_should.WorkTogether2" methodname="WorkTogether2" classname="Generics.Tables.BothIndices_should" runstate="Runnable" seed="544022212" result="Passed" start-time="2018-02-21 15:07:28Z" end-time="2018-02-21 15:07:28Z" duration="0.001718" asserts="1" />
        </test-suite>
        <test-suite type="TestFixture" id="1006" name="ExistedIndex_should" fullname="Generics.Tables.ExistedIndex_should" classname="Generics.Tables.ExistedIndex_should" runstate="Runnable" testcasecount="6" result="Passed" start-time="2018-02-21 15:07:28Z" end-time="2018-02-21 15:07:28Z" duration="0.030530" total="6" passed="6" failed="0" warnings="0" inconclusive="0" skipped="0" asserts="6">
          <test-case id="1008" name="FailIfGettingFromNonExistingColumn" fullname="Generics.Tables.ExistedIndex_should.FailIfGettingFromNonExistingColumn" methodname="FailIfGettingFromNonExistingColumn" classname="Generics.Tables.ExistedIndex_should" runstate="Runnable" seed="226764671" result="Passed" start-time="2018-02-21 15:07:28Z" end-time="2018-02-21 15:07:28Z" duration="0.008281" asserts="1" />
          <test-case id="1007" name="FailIfGettingFromNonExistingRow" fullname="Generics.Tables.ExistedIndex_should.FailIfGettingFromNonExistingRow" methodname="FailIfGettingFromNonExistingRow" classname="Generics.Tables.ExistedIndex_should" runstate="Runnable" seed="1014780354" result="Passed" start-time="2018-02-21 15:07:28Z" end-time="2018-02-21 15:07:28Z" duration="0.000523" asserts="1" />
          <test-case id="1010" name="FailIfSettingToNonExistingColumn" fullname="Generics.Tables.ExistedIndex_should.FailIfSettingToNonExistingColumn" methodname="FailIfSettingToNonExistingColumn" classname="Generics.Tables.ExistedIndex_should" runstate="Runnable" seed="1070624966" result="Passed" start-time="2018-02-21 15:07:28Z" end-time="2018-02-21 15:07:28Z" duration="0.000596" asserts="1" />
          <test-case id="1009" name="FailIfSettingToNonExistingRow" fullname="Generics.Tables.ExistedIndex_should.FailIfSettingToNonExistingRow" methodname="FailIfSettingToNonExistingRow" classname="Generics.Tables.ExistedIndex_should" runstate="Runnable" seed="537730768" result="Passed" start-time="2018-02-21 15:07:28Z" end-time="2018-02-21 15:07:28Z" duration="0.000581" asserts="1" />
          <test-case id="1012" name="GetDefaultIfNoValueSet" fullname="Generics.Tables.ExistedIndex_should.GetDefaultIfNoValueSet" methodname="GetDefaultIfNoValueSet" classname="Generics.Tables.ExistedIndex_should" runstate="Runnable" seed="339852704" result="Passed" start-time="2018-02-21 15:07:28Z" end-time="2018-02-21 15:07:28Z" duration="0.000278" asserts="1" />
          <test-case id="1011" name="SetToExistedRowAndColumn" fullname="Generics.Tables.ExistedIndex_should.SetToExistedRowAndColumn" methodname="SetToExistedRowAndColumn" classname="Generics.Tables.ExistedIndex_should" runstate="Runnable" seed="1768112967" result="Passed" start-time="2018-02-21 15:07:28Z" end-time="2018-02-21 15:07:28Z" duration="0.000215" asserts="1" />
        </test-suite>
        <test-suite type="TestFixture" id="1000" name="OpenIndex_should" fullname="Generics.Tables.OpenIndex_should" classname="Generics.Tables.OpenIndex_should" runstate="Runnable" testcasecount="5" result="Passed" start-time="2018-02-21 15:07:28Z" end-time="2018-02-21 15:07:28Z" duration="0.023059" total="5" passed="5" failed="0" warnings="0" inconclusive="0" skipped="0" asserts="15">
          <test-case id="1001" name="AddColumnsAndRows" fullname="Generics.Tables.OpenIndex_should.AddColumnsAndRows" methodname="AddColumnsAndRows" classname="Generics.Tables.OpenIndex_should" runstate="Runnable" seed="895784254" result="Passed" start-time="2018-02-21 15:07:28Z" end-time="2018-02-21 15:07:28Z" duration="0.003879" asserts="3" />
          <test-case id="1002" name="DontAddExistedColumnsAndRows1" fullname="Generics.Tables.OpenIndex_should.DontAddExistedColumnsAndRows1" methodname="DontAddExistedColumnsAndRows1" classname="Generics.Tables.OpenIndex_should" runstate="Runnable" seed="157418967" result="Passed" start-time="2018-02-21 15:07:28Z" end-time="2018-02-21 15:07:28Z" duration="0.000332" asserts="3" />
          <test-case id="1003" name="DontAddExistedColumnsAndRows2" fullname="Generics.Tables.OpenIndex_should.DontAddExistedColumnsAndRows2" methodname="DontAddExistedColumnsAndRows2" classname="Generics.Tables.OpenIndex_should" runstate="Runnable" seed="111616545" result="Passed" start-time="2018-02-21 15:07:28Z" end-time="2018-02-21 15:07:28Z" duration="0.000336" asserts="3" />
          <test-case id="1004" name="ReturnDefaultIfNoValueSet1" fullname="Generics.Tables.OpenIndex_should.ReturnDefaultIfNoValueSet1" methodname="ReturnDefaultIfNoValueSet1" classname="Generics.Tables.OpenIndex_should" runstate="Runnable" seed="1627239663" result="Passed" start-time="2018-02-21 15:07:28Z" end-time="2018-02-21 15:07:28Z" duration="0.000349" asserts="3" />
          <test-case id="1005" name="ReturnDefaultIfNoValueSet2" fullname="Generics.Tables.OpenIndex_should.ReturnDefaultIfNoValueSet2" methodname="ReturnDefaultIfNoValueSet2" classname="Generics.Tables.OpenIndex_should" runstate="Runnable" seed="1028138443" result="Passed" start-time="2018-02-21 15:07:28Z" end-time="2018-02-21 15:07:28Z" duration="0.000397" asserts="3" />
        </test-suite>
      </test-suite>
    </test-suite>
  </test-suite>
</test-run>